Nov 14, 2023 9:17:15 AM org.apache.catalina.startup.Catalina parseServerXml
WARNING: Unable to load server configuration from [/opt/apache-tomcat-10.0.8/conf/server.xml]
java.io.FileNotFoundException: /opt/apache-tomcat-10.0.8/conf/server.xml (Permission denied)
	at java.io.FileInputStream.open0(Native Method)
	at java.io.FileInputStream.open(FileInputStream.java:195)
	at java.io.FileInputStream.<init>(FileInputStream.java:138)
	at java.io.FileInputStream.<init>(FileInputStream.java:93)
	at sun.net.www.protocol.file.FileURLConnection.connect(FileURLConnection.java:90)
	at sun.net.www.protocol.file.FileURLConnection.getInputStream(FileURLConnection.java:188)
	at org.apache.catalina.startup.CatalinaBaseConfigurationSource.getResource(CatalinaBaseConfigurationSource.java:118)
	at org.apache.tomcat.util.file.ConfigurationSource.getConfResource(ConfigurationSource.java:150)
	at org.apache.tomcat.util.file.ConfigurationSource.getServerXml(ConfigurationSource.java:127)
	at org.apache.catalina.startup.CatalinaBaseConfigurationSource.getServerXml(CatalinaBaseConfigurationSource.java:52)
	at org.apache.catalina.startup.Catalina.parseServerXml(Catalina.java:631)
	at org.apache.catalina.startup.Catalina.load(Catalina.java:732)
	at org.apache.catalina.startup.Catalina.load(Catalina.java:769)
	at sun.reflect.NativeMethodAccessorImpl.invoke0(Native Method)
	at sun.reflect.NativeMethodAccessorImpl.invoke(NativeMethodAccessorImpl.java:62)
	at sun.reflect.DelegatingMethodAccessorImpl.invoke(DelegatingMethodAccessorImpl.java:43)
	at java.lang.reflect.Method.invoke(Method.java:498)
	at org.apache.catalina.startup.Bootstrap.load(Bootstrap.java:305)
	at org.apache.catalina.startup.Bootstrap.main(Bootstrap.java:475)

Nov 14, 2023 9:17:15 AM org.apache.catalina.startup.Catalina start
SEVERE: Cannot start server, server instance is not configured
